2016/06/08 16:08:09 INFO  - jmeter.util.JMeterUtils: Setting Locale to en_US 
2016/06/08 16:08:09 INFO  - jmeter.JMeter: Loading user properties from: /Users/cristi/Downloads/apache-jmeter-2.13/bin/user.properties 
2016/06/08 16:08:09 INFO  - jmeter.JMeter: Loading system properties from: /Users/cristi/Downloads/apache-jmeter-2.13/bin/system.properties 
2016/06/08 16:08:09 INFO  - jmeter.JMeter: Copyright (c) 1998-2015 The Apache Software Foundation 
2016/06/08 16:08:09 INFO  - jmeter.JMeter: Version 2.13 r1665067 
2016/06/08 16:08:09 INFO  - jmeter.JMeter: java.version=1.8.0_91 
2016/06/08 16:08:09 INFO  - jmeter.JMeter: java.vm.name=Java HotSpot(TM) 64-Bit Server VM 
2016/06/08 16:08:09 INFO  - jmeter.JMeter: os.name=Mac OS X 
2016/06/08 16:08:09 INFO  - jmeter.JMeter: os.arch=x86_64 
2016/06/08 16:08:09 INFO  - jmeter.JMeter: os.version=10.11.5 
2016/06/08 16:08:09 INFO  - jmeter.JMeter: file.encoding=UTF-8 
2016/06/08 16:08:09 INFO  - jmeter.JMeter: Default Locale=English (United States) 
2016/06/08 16:08:09 INFO  - jmeter.JMeter: JMeter  Locale=English (United States) 
2016/06/08 16:08:09 INFO  - jmeter.JMeter: JMeterHome=/Users/cristi/Downloads/apache-jmeter-2.13 
2016/06/08 16:08:09 INFO  - jmeter.JMeter: user.dir  =/Users/cristi/Developer/kmymoney 
2016/06/08 16:08:09 INFO  - jmeter.JMeter: PWD       =/Users/cristi/Developer/kmymoney 
2016/06/08 16:08:09 INFO  - jmeter.JMeter: IP: 192.168.1.74 Name: ursu FullName: onets-mbp-2 
2016/06/08 16:08:10 INFO  - jmeter.gui.action.LookAndFeelCommand: Using look and feel: com.apple.laf.AquaLookAndFeel [Mac OS X, System] 
2016/06/08 16:08:10 INFO  - jmeter.JMeter: Loaded icon properties from org/apache/jmeter/images/icon.properties 
2016/06/08 16:08:12 INFO  - jmeter.engine.util.CompoundVariable: Note: Function class names must contain the string: '.functions.' 
2016/06/08 16:08:12 INFO  - jmeter.engine.util.CompoundVariable: Note: Function class names must not contain the string: '.gui.' 
2016/06/08 16:08:13 INFO  - jmeter.util.BSFTestElement: Registering JMeter version of JavaScript engine as work-round for BSF-22 
2016/06/08 16:08:13 INFO  - jmeter.protocol.http.sampler.HTTPSamplerBase: Cannot find .className property for htmlParser, using default 
2016/06/08 16:08:13 INFO  - jmeter.protocol.http.sampler.HTTPSamplerBase: Parser for text/html is  
2016/06/08 16:08:13 INFO  - jmeter.protocol.http.sampler.HTTPSamplerBase: Parser for application/xhtml+xml is  
2016/06/08 16:08:13 INFO  - jmeter.protocol.http.sampler.HTTPSamplerBase: Parser for application/xml is  
2016/06/08 16:08:13 INFO  - jmeter.protocol.http.sampler.HTTPSamplerBase: Parser for text/xml is  
2016/06/08 16:08:13 INFO  - jmeter.protocol.http.sampler.HTTPSamplerBase: Parser for text/vnd.wap.wml is org.apache.jmeter.protocol.http.parser.RegexpHTMLParser 
2016/06/08 16:08:13 INFO  - jmeter.gui.util.MenuFactory: Skipping org.apache.jmeter.protocol.http.control.gui.WebServiceSamplerGui 
2016/06/08 16:08:13 INFO  - jmeter.gui.util.MenuFactory: Skipping org.apache.jmeter.protocol.http.modifier.gui.ParamModifierGui 
2016/06/08 16:08:13 INFO  - jorphan.exec.KeyToolUtils: keytool found at 'keytool' 
2016/06/08 16:08:13 INFO  - jmeter.protocol.http.proxy.ProxyControl: HTTP(S) Test Script Recorder SSL Proxy will use keys that support embedded 3rd party resources in file /Users/cristi/Downloads/apache-jmeter-2.13/bin/proxyserver.jks 
2016/06/08 16:08:14 INFO  - jmeter.samplers.SampleResult: Note: Sample TimeStamps are START times 
2016/06/08 16:08:14 INFO  - jmeter.samplers.SampleResult: sampleresult.default.encoding is set to ISO-8859-1 
2016/06/08 16:08:14 INFO  - jmeter.samplers.SampleResult: sampleresult.useNanoTime=true 
2016/06/08 16:08:14 INFO  - jmeter.samplers.SampleResult: sampleresult.nanoThreadSleep=5000 
2016/06/08 16:15:04 INFO  - jmeter.services.FileServer: Default base='/Users/cristi/Developer/kmymoney' 
2016/06/08 16:15:04 INFO  - jmeter.gui.action.Load: Loading file: /Users/cristi/Developer/payment-data-importer/payment-jmeter-load-test.jmx 
2016/06/08 16:15:04 INFO  - jmeter.services.FileServer: Set new base='/Users/cristi/Developer/payment-data-importer' 
2016/06/08 16:15:05 INFO  - jmeter.save.SaveService: Testplan (JMX) version: 2.2. Testlog (JTL) version: 2.2 
2016/06/08 16:15:05 INFO  - jmeter.save.SaveService: Using SaveService properties file encoding UTF-8 
2016/06/08 16:15:05 INFO  - jmeter.save.SaveService: Using SaveService properties file version 1656252 
2016/06/08 16:15:05 INFO  - jmeter.save.SaveService: Using SaveService properties version 2.8 
2016/06/08 16:15:05 INFO  - jmeter.save.SaveService: All converter versions present and correct 
2016/06/08 16:15:05 INFO  - jmeter.save.SaveService: Loading file: /Users/cristi/Developer/payment-data-importer/payment-jmeter-load-test.jmx 
2016/06/08 16:15:05 INFO  - jmeter.services.FileServer: Set new base='/Users/cristi/Developer/payment-data-importer' 
2016/06/08 16:29:41 INFO  - jmeter.engine.StandardJMeterEngine: Listeners will be started after enabling running version 
2016/06/08 16:29:41 INFO  - jmeter.engine.StandardJMeterEngine: To revert to the earlier behaviour, define jmeterengine.startlistenerslater=false 
2016/06/08 16:29:42 INFO  - jmeter.engine.StandardJMeterEngine: Running the test! 
2016/06/08 16:29:42 INFO  - jmeter.samplers.SampleEvent: List of sample_variables: [] 
2016/06/08 16:29:42 INFO  - jmeter.samplers.SampleEvent: List of sample_variables: [] 
2016/06/08 16:29:42 INFO  - jmeter.gui.util.JMeterMenuBar: setRunning(true,*local*) 
2016/06/08 16:29:42 INFO  - jmeter.engine.StandardJMeterEngine: Starting ThreadGroup: 1 : Thread Group 
2016/06/08 16:29:42 INFO  - jmeter.engine.StandardJMeterEngine: Starting 40 threads for group Thread Group. 
2016/06/08 16:29:42 INFO  - jmeter.engine.StandardJMeterEngine: Thread will continue on error 
2016/06/08 16:29:42 INFO  - jmeter.threads.ThreadGroup: Starting thread group number 1 threads 40 ramp-up 10 perThread 250.0 delayedStart=false 
2016/06/08 16:29:42 INFO  - jmeter.threads.JMeterThread: jmeterthread.startearlier=true (see jmeter.properties) 
2016/06/08 16:29:42 INFO  - jmeter.threads.JMeterThread: Running PostProcessors in forward order 
2016/06/08 16:29:42 INFO  - jmeter.threads.JMeterThread: Thread started: Thread Group 1-1 
2016/06/08 16:29:42 INFO  - jmeter.services.FileServer: Stored: /Users/cristi/Downloads/audionow_payment_access_token.csv 
2016/06/08 16:29:42 INFO  - jmeter.protocol.http.sampler.HTTPHCAbstractImpl: Local host = ursu 
2016/06/08 16:29:42 INFO  - jmeter.protocol.http.sampler.HTTPHC4Impl: HTTP request retry count = 0 
2016/06/08 16:29:42 INFO  - jmeter.threads.ThreadGroup: Started thread group number 1 
2016/06/08 16:29:42 INFO  - jmeter.engine.StandardJMeterEngine: All thread groups have been started 
2016/06/08 16:29:42 INFO  - jmeter.protocol.http.sampler.HTTPHC4Impl: Setting up HTTPS TrustAll scheme 
2016/06/08 16:29:42 INFO  - jmeter.util.JsseSSLManager: Using default SSL protocol: TLS 
2016/06/08 16:29:42 INFO  - jmeter.util.JsseSSLManager: SSL session context: per-thread 
2016/06/08 16:29:42 INFO  - jmeter.threads.JMeterThread: Thread started: Thread Group 1-2 
2016/06/08 16:29:42 INFO  - jmeter.util.SSLManager: JmeterKeyStore Location:  type JKS 
2016/06/08 16:29:42 INFO  - jmeter.util.SSLManager: KeyStore created OK 
2016/06/08 16:29:42 WARN  - jmeter.util.SSLManager: Keystore file not found, loading empty keystore 
2016/06/08 16:29:42 INFO  - jmeter.threads.JMeterThread: Thread started: Thread Group 1-3 
2016/06/08 16:29:42 INFO  - jmeter.threads.JMeterThread: Thread started: Thread Group 1-4 
2016/06/08 16:29:43 INFO  - jmeter.threads.JMeterThread: Thread started: Thread Group 1-5 
2016/06/08 16:29:43 INFO  - jmeter.threads.JMeterThread: Thread started: Thread Group 1-6 
2016/06/08 16:29:43 INFO  - jmeter.threads.JMeterThread: Thread started: Thread Group 1-7 
2016/06/08 16:29:43 INFO  - jmeter.threads.JMeterThread: Thread started: Thread Group 1-8 
2016/06/08 16:29:44 INFO  - jmeter.threads.JMeterThread: Thread started: Thread Group 1-9 
2016/06/08 16:29:44 INFO  - jmeter.threads.JMeterThread: Thread started: Thread Group 1-10 
2016/06/08 16:29:44 INFO  - jmeter.threads.JMeterThread: Thread started: Thread Group 1-11 
2016/06/08 16:29:44 INFO  - jmeter.threads.JMeterThread: Thread started: Thread Group 1-12 
2016/06/08 16:29:45 INFO  - jmeter.threads.JMeterThread: Thread started: Thread Group 1-13 
2016/06/08 16:29:45 INFO  - jmeter.threads.JMeterThread: Thread started: Thread Group 1-14 
2016/06/08 16:29:45 INFO  - jmeter.threads.JMeterThread: Thread started: Thread Group 1-15 
2016/06/08 16:29:45 INFO  - jmeter.threads.JMeterThread: Thread started: Thread Group 1-16 
2016/06/08 16:29:46 INFO  - jmeter.threads.JMeterThread: Thread started: Thread Group 1-17 
2016/06/08 16:29:46 INFO  - jmeter.threads.JMeterThread: Thread started: Thread Group 1-18 
2016/06/08 16:29:46 INFO  - jmeter.threads.JMeterThread: Thread started: Thread Group 1-19 
2016/06/08 16:29:46 INFO  - jmeter.threads.JMeterThread: Thread started: Thread Group 1-20 
2016/06/08 16:29:47 INFO  - jmeter.threads.JMeterThread: Thread started: Thread Group 1-21 
2016/06/08 16:29:47 INFO  - jmeter.threads.JMeterThread: Thread started: Thread Group 1-22 
2016/06/08 16:29:47 INFO  - jmeter.threads.JMeterThread: Thread started: Thread Group 1-23 
2016/06/08 16:29:47 INFO  - jmeter.threads.JMeterThread: Thread started: Thread Group 1-24 
2016/06/08 16:29:48 INFO  - jmeter.threads.JMeterThread: Thread started: Thread Group 1-25 
2016/06/08 16:29:48 INFO  - jmeter.threads.JMeterThread: Thread started: Thread Group 1-26 
2016/06/08 16:29:48 INFO  - jmeter.threads.JMeterThread: Thread started: Thread Group 1-27 
2016/06/08 16:29:48 INFO  - jmeter.threads.JMeterThread: Thread started: Thread Group 1-28 
2016/06/08 16:29:49 INFO  - jmeter.threads.JMeterThread: Thread started: Thread Group 1-29 
2016/06/08 16:29:49 INFO  - jmeter.threads.JMeterThread: Thread started: Thread Group 1-30 
2016/06/08 16:29:49 INFO  - jmeter.threads.JMeterThread: Thread started: Thread Group 1-31 
2016/06/08 16:29:49 INFO  - jmeter.threads.JMeterThread: Thread started: Thread Group 1-32 
2016/06/08 16:29:50 INFO  - jmeter.threads.JMeterThread: Thread started: Thread Group 1-33 
2016/06/08 16:29:50 INFO  - jmeter.threads.JMeterThread: Thread started: Thread Group 1-34 
2016/06/08 16:29:50 INFO  - jmeter.threads.JMeterThread: Thread started: Thread Group 1-35 
2016/06/08 16:29:50 INFO  - jmeter.threads.JMeterThread: Thread started: Thread Group 1-36 
2016/06/08 16:29:51 INFO  - jmeter.threads.JMeterThread: Thread started: Thread Group 1-37 
2016/06/08 16:29:51 INFO  - jmeter.threads.JMeterThread: Thread started: Thread Group 1-38 
2016/06/08 16:29:51 INFO  - jmeter.threads.JMeterThread: Thread started: Thread Group 1-39 
2016/06/08 16:29:51 INFO  - jmeter.threads.JMeterThread: Thread started: Thread Group 1-40 
2016/06/08 16:33:53 INFO  - jmeter.gui.action.Start: Stopping test 
2016/06/08 16:33:53 INFO  - jmeter.threads.JMeterThread: Stopping: Thread Group 1-22 
2016/06/08 16:33:53 WARN  - jmeter.threads.JMeterThread: Interrupting: Thread Group 1-22 sampler: receivers 
2016/06/08 16:33:53 INFO  - jmeter.threads.JMeterThread: Stopping: Thread Group 1-18 
2016/06/08 16:33:53 WARN  - jmeter.threads.JMeterThread: Interrupting: Thread Group 1-18 sampler: transactions 
2016/06/08 16:33:53 INFO  - jmeter.threads.JMeterThread: Stopping: Thread Group 1-25 
2016/06/08 16:33:53 WARN  - jmeter.threads.JMeterThread: Interrupting: Thread Group 1-25 sampler: transactions 
2016/06/08 16:33:53 INFO  - jmeter.threads.JMeterThread: Stopping: Thread Group 1-7 
2016/06/08 16:33:53 WARN  - jmeter.threads.JMeterThread: Interrupting: Thread Group 1-7 sampler: transactions 
2016/06/08 16:33:53 INFO  - jmeter.threads.JMeterThread: Stopping: Thread Group 1-8 
2016/06/08 16:33:53 WARN  - jmeter.util.JMeterUtils: Interrupted in thread Thread Group 1-22 java.lang.InterruptedException
	at java.lang.Object.wait(Native Method)
	at java.lang.Object.wait(Object.java:502)
	at java.awt.EventQueue.invokeAndWait(EventQueue.java:1315)
	at java.awt.EventQueue.invokeAndWait(EventQueue.java:1296)
	at javax.swing.SwingUtilities.invokeAndWait(SwingUtilities.java:1348)
	at org.apache.jmeter.util.JMeterUtils.runSafe(JMeterUtils.java:1322)
	at org.apache.jmeter.visualizers.RespTimeGraphVisualizer.add(RespTimeGraphVisualizer.java:301)
	at org.apache.jmeter.reporters.ResultCollector.sendToVisualizer(ResultCollector.java:595)
	at org.apache.jmeter.reporters.ResultCollector.sampleOccurred(ResultCollector.java:571)
	at org.apache.jmeter.threads.ListenerNotifier.notifyListeners(ListenerNotifier.java:84)
	at org.apache.jmeter.threads.JMeterThread.notifyListeners(JMeterThread.java:796)
	at org.apache.jmeter.threads.JMeterThread.process_sampler(JMeterThread.java:456)
	at org.apache.jmeter.threads.JMeterThread.run(JMeterThread.java:261)
	at java.lang.Thread.run(Thread.java:745)

2016/06/08 16:33:53 WARN  - jmeter.util.JMeterUtils: Interrupted in thread Thread Group 1-18 java.lang.InterruptedException
	at java.lang.Object.wait(Native Method)
	at java.lang.Object.wait(Object.java:502)
	at java.awt.EventQueue.invokeAndWait(EventQueue.java:1315)
	at java.awt.EventQueue.invokeAndWait(EventQueue.java:1296)
	at javax.swing.SwingUtilities.invokeAndWait(SwingUtilities.java:1348)
	at org.apache.jmeter.util.JMeterUtils.runSafe(JMeterUtils.java:1322)
	at org.apache.jmeter.visualizers.RespTimeGraphVisualizer.add(RespTimeGraphVisualizer.java:301)
	at org.apache.jmeter.reporters.ResultCollector.sendToVisualizer(ResultCollector.java:595)
	at org.apache.jmeter.reporters.ResultCollector.sampleOccurred(ResultCollector.java:571)
	at org.apache.jmeter.threads.ListenerNotifier.notifyListeners(ListenerNotifier.java:84)
	at org.apache.jmeter.threads.JMeterThread.notifyListeners(JMeterThread.java:796)
	at org.apache.jmeter.threads.JMeterThread.process_sampler(JMeterThread.java:456)
	at org.apache.jmeter.threads.JMeterThread.run(JMeterThread.java:261)
	at java.lang.Thread.run(Thread.java:745)

2016/06/08 16:33:53 WARN  - jmeter.util.JMeterUtils: Interrupted in thread Thread Group 1-7 java.lang.InterruptedException
	at java.lang.Object.wait(Native Method)
	at java.lang.Object.wait(Object.java:502)
	at java.awt.EventQueue.invokeAndWait(EventQueue.java:1315)
	at java.awt.EventQueue.invokeAndWait(EventQueue.java:1296)
	at javax.swing.SwingUtilities.invokeAndWait(SwingUtilities.java:1348)
	at org.apache.jmeter.util.JMeterUtils.runSafe(JMeterUtils.java:1322)
	at org.apache.jmeter.visualizers.RespTimeGraphVisualizer.add(RespTimeGraphVisualizer.java:301)
	at org.apache.jmeter.reporters.ResultCollector.sendToVisualizer(ResultCollector.java:595)
	at org.apache.jmeter.reporters.ResultCollector.sampleOccurred(ResultCollector.java:571)
	at org.apache.jmeter.threads.ListenerNotifier.notifyListeners(ListenerNotifier.java:84)
	at org.apache.jmeter.threads.JMeterThread.notifyListeners(JMeterThread.java:796)
	at org.apache.jmeter.threads.JMeterThread.process_sampler(JMeterThread.java:456)
	at org.apache.jmeter.threads.JMeterThread.run(JMeterThread.java:261)
	at java.lang.Thread.run(Thread.java:745)

2016/06/08 16:33:53 WARN  - jmeter.threads.JMeterThread: Interrupting: Thread Group 1-8 sampler: receivers 
2016/06/08 16:33:53 WARN  - jmeter.util.JMeterUtils: Interrupted in thread Thread Group 1-25 java.lang.InterruptedException
	at java.lang.Object.wait(Native Method)
	at java.lang.Object.wait(Object.java:502)
	at java.awt.EventQueue.invokeAndWait(EventQueue.java:1315)
	at java.awt.EventQueue.invokeAndWait(EventQueue.java:1296)
	at javax.swing.SwingUtilities.invokeAndWait(SwingUtilities.java:1348)
	at org.apache.jmeter.util.JMeterUtils.runSafe(JMeterUtils.java:1322)
	at org.apache.jmeter.visualizers.RespTimeGraphVisualizer.add(RespTimeGraphVisualizer.java:301)
	at org.apache.jmeter.reporters.ResultCollector.sendToVisualizer(ResultCollector.java:595)
	at org.apache.jmeter.reporters.ResultCollector.sampleOccurred(ResultCollector.java:571)
	at org.apache.jmeter.threads.ListenerNotifier.notifyListeners(ListenerNotifier.java:84)
	at org.apache.jmeter.threads.JMeterThread.notifyListeners(JMeterThread.java:796)
	at org.apache.jmeter.threads.JMeterThread.process_sampler(JMeterThread.java:456)
	at org.apache.jmeter.threads.JMeterThread.run(JMeterThread.java:261)
	at java.lang.Thread.run(Thread.java:745)

2016/06/08 16:33:53 INFO  - jmeter.threads.JMeterThread: Thread finished: Thread Group 1-7 
2016/06/08 16:33:53 INFO  - jmeter.threads.JMeterThread: Thread finished: Thread Group 1-18 
2016/06/08 16:33:53 INFO  - jmeter.threads.JMeterThread: Thread finished: Thread Group 1-22 
2016/06/08 16:33:53 INFO  - jmeter.threads.JMeterThread: Thread finished: Thread Group 1-25 
2016/06/08 16:33:53 INFO  - jmeter.threads.JMeterThread: Stopping: Thread Group 1-35 
2016/06/08 16:33:53 WARN  - jmeter.threads.JMeterThread: Interrupting: Thread Group 1-35 sampler: transactions 
2016/06/08 16:33:53 INFO  - jmeter.threads.JMeterThread: Stopping: Thread Group 1-16 
2016/06/08 16:33:53 WARN  - jmeter.threads.JMeterThread: Interrupting: Thread Group 1-16 sampler: transactions 
2016/06/08 16:33:53 WARN  - jmeter.util.JMeterUtils: Interrupted in thread Thread Group 1-8 java.lang.InterruptedException
	at java.lang.Object.wait(Native Method)
	at java.lang.Object.wait(Object.java:502)
	at java.awt.EventQueue.invokeAndWait(EventQueue.java:1315)
	at java.awt.EventQueue.invokeAndWait(EventQueue.java:1296)
	at javax.swing.SwingUtilities.invokeAndWait(SwingUtilities.java:1348)
	at org.apache.jmeter.util.JMeterUtils.runSafe(JMeterUtils.java:1322)
	at org.apache.jmeter.visualizers.RespTimeGraphVisualizer.add(RespTimeGraphVisualizer.java:301)
	at org.apache.jmeter.reporters.ResultCollector.sendToVisualizer(ResultCollector.java:595)
	at org.apache.jmeter.reporters.ResultCollector.sampleOccurred(ResultCollector.java:571)
	at org.apache.jmeter.threads.ListenerNotifier.notifyListeners(ListenerNotifier.java:84)
	at org.apache.jmeter.threads.JMeterThread.notifyListeners(JMeterThread.java:796)
	at org.apache.jmeter.threads.JMeterThread.process_sampler(JMeterThread.java:456)
	at org.apache.jmeter.threads.JMeterThread.run(JMeterThread.java:261)
	at java.lang.Thread.run(Thread.java:745)

2016/06/08 16:33:53 INFO  - jmeter.threads.JMeterThread: Thread finished: Thread Group 1-8 
2016/06/08 16:33:53 WARN  - jmeter.util.JMeterUtils: Interrupted in thread Thread Group 1-35 java.lang.InterruptedException
	at java.lang.Object.wait(Native Method)
	at java.lang.Object.wait(Object.java:502)
	at java.awt.EventQueue.invokeAndWait(EventQueue.java:1315)
	at java.awt.EventQueue.invokeAndWait(EventQueue.java:1296)
	at javax.swing.SwingUtilities.invokeAndWait(SwingUtilities.java:1348)
	at org.apache.jmeter.util.JMeterUtils.runSafe(JMeterUtils.java:1322)
	at org.apache.jmeter.visualizers.RespTimeGraphVisualizer.add(RespTimeGraphVisualizer.java:301)
	at org.apache.jmeter.reporters.ResultCollector.sendToVisualizer(ResultCollector.java:595)
	at org.apache.jmeter.reporters.ResultCollector.sampleOccurred(ResultCollector.java:571)
	at org.apache.jmeter.threads.ListenerNotifier.notifyListeners(ListenerNotifier.java:84)
	at org.apache.jmeter.threads.JMeterThread.notifyListeners(JMeterThread.java:796)
	at org.apache.jmeter.threads.JMeterThread.process_sampler(JMeterThread.java:456)
	at org.apache.jmeter.threads.JMeterThread.run(JMeterThread.java:261)
	at java.lang.Thread.run(Thread.java:745)

2016/06/08 16:33:53 INFO  - jmeter.threads.JMeterThread: Thread finished: Thread Group 1-35 
2016/06/08 16:33:53 WARN  - jmeter.util.JMeterUtils: Interrupted in thread Thread Group 1-16 java.lang.InterruptedException
	at java.lang.Object.wait(Native Method)
	at java.lang.Object.wait(Object.java:502)
	at java.awt.EventQueue.invokeAndWait(EventQueue.java:1315)
	at java.awt.EventQueue.invokeAndWait(EventQueue.java:1296)
	at javax.swing.SwingUtilities.invokeAndWait(SwingUtilities.java:1348)
	at org.apache.jmeter.util.JMeterUtils.runSafe(JMeterUtils.java:1322)
	at org.apache.jmeter.visualizers.RespTimeGraphVisualizer.add(RespTimeGraphVisualizer.java:301)
	at org.apache.jmeter.reporters.ResultCollector.sendToVisualizer(ResultCollector.java:595)
	at org.apache.jmeter.reporters.ResultCollector.sampleOccurred(ResultCollector.java:571)
	at org.apache.jmeter.threads.ListenerNotifier.notifyListeners(ListenerNotifier.java:84)
	at org.apache.jmeter.threads.JMeterThread.notifyListeners(JMeterThread.java:796)
	at org.apache.jmeter.threads.JMeterThread.process_sampler(JMeterThread.java:456)
	at org.apache.jmeter.threads.JMeterThread.run(JMeterThread.java:261)
	at java.lang.Thread.run(Thread.java:745)

2016/06/08 16:33:53 INFO  - jmeter.threads.JMeterThread: Thread finished: Thread Group 1-16 
2016/06/08 16:33:53 INFO  - jmeter.threads.JMeterThread: Stopping: Thread Group 1-29 
2016/06/08 16:33:53 WARN  - jmeter.threads.JMeterThread: Interrupting: Thread Group 1-29 sampler: transactions 
2016/06/08 16:33:53 INFO  - jmeter.threads.JMeterThread: Stopping: Thread Group 1-20 
2016/06/08 16:33:53 WARN  - jmeter.threads.JMeterThread: Interrupting: Thread Group 1-20 sampler: transactions 
2016/06/08 16:33:53 WARN  - jmeter.util.JMeterUtils: Interrupted in thread Thread Group 1-29 java.lang.InterruptedException
	at java.lang.Object.wait(Native Method)
	at java.lang.Object.wait(Object.java:502)
	at java.awt.EventQueue.invokeAndWait(EventQueue.java:1315)
	at java.awt.EventQueue.invokeAndWait(EventQueue.java:1296)
	at javax.swing.SwingUtilities.invokeAndWait(SwingUtilities.java:1348)
	at org.apache.jmeter.util.JMeterUtils.runSafe(JMeterUtils.java:1322)
	at org.apache.jmeter.visualizers.RespTimeGraphVisualizer.add(RespTimeGraphVisualizer.java:301)
	at org.apache.jmeter.reporters.ResultCollector.sendToVisualizer(ResultCollector.java:595)
	at org.apache.jmeter.reporters.ResultCollector.sampleOccurred(ResultCollector.java:571)
	at org.apache.jmeter.threads.ListenerNotifier.notifyListeners(ListenerNotifier.java:84)
	at org.apache.jmeter.threads.JMeterThread.notifyListeners(JMeterThread.java:796)
	at org.apache.jmeter.threads.JMeterThread.process_sampler(JMeterThread.java:456)
	at org.apache.jmeter.threads.JMeterThread.run(JMeterThread.java:261)
	at java.lang.Thread.run(Thread.java:745)

2016/06/08 16:33:53 INFO  - jmeter.threads.JMeterThread: Thread finished: Thread Group 1-29 
2016/06/08 16:33:53 INFO  - jmeter.threads.JMeterThread: Stopping: Thread Group 1-33 
2016/06/08 16:33:53 WARN  - jmeter.threads.JMeterThread: Interrupting: Thread Group 1-33 sampler: transactions 
2016/06/08 16:33:53 INFO  - jmeter.threads.JMeterThread: Stopping: Thread Group 1-30 
2016/06/08 16:33:53 WARN  - jmeter.threads.JMeterThread: Interrupting: Thread Group 1-30 sampler: transactions 
2016/06/08 16:33:53 WARN  - jmeter.util.JMeterUtils: Interrupted in thread Thread Group 1-20 java.lang.InterruptedException
	at java.lang.Object.wait(Native Method)
	at java.lang.Object.wait(Object.java:502)
	at java.awt.EventQueue.invokeAndWait(EventQueue.java:1315)
	at java.awt.EventQueue.invokeAndWait(EventQueue.java:1296)
	at javax.swing.SwingUtilities.invokeAndWait(SwingUtilities.java:1348)
	at org.apache.jmeter.util.JMeterUtils.runSafe(JMeterUtils.java:1322)
	at org.apache.jmeter.visualizers.RespTimeGraphVisualizer.add(RespTimeGraphVisualizer.java:301)
	at org.apache.jmeter.reporters.ResultCollector.sendToVisualizer(ResultCollector.java:595)
	at org.apache.jmeter.reporters.ResultCollector.sampleOccurred(ResultCollector.java:571)
	at org.apache.jmeter.threads.ListenerNotifier.notifyListeners(ListenerNotifier.java:84)
	at org.apache.jmeter.threads.JMeterThread.notifyListeners(JMeterThread.java:796)
	at org.apache.jmeter.threads.JMeterThread.process_sampler(JMeterThread.java:456)
	at org.apache.jmeter.threads.JMeterThread.run(JMeterThread.java:261)
	at java.lang.Thread.run(Thread.java:745)

2016/06/08 16:33:53 WARN  - jmeter.util.JMeterUtils: Interrupted in thread Thread Group 1-33 java.lang.InterruptedException
	at java.lang.Object.wait(Native Method)
	at java.lang.Object.wait(Object.java:502)
	at java.awt.EventQueue.invokeAndWait(EventQueue.java:1315)
	at java.awt.EventQueue.invokeAndWait(EventQueue.java:1296)
	at javax.swing.SwingUtilities.invokeAndWait(SwingUtilities.java:1348)
	at org.apache.jmeter.util.JMeterUtils.runSafe(JMeterUtils.java:1322)
	at org.apache.jmeter.visualizers.RespTimeGraphVisualizer.add(RespTimeGraphVisualizer.java:301)
	at org.apache.jmeter.reporters.ResultCollector.sendToVisualizer(ResultCollector.java:595)
	at org.apache.jmeter.reporters.ResultCollector.sampleOccurred(ResultCollector.java:571)
	at org.apache.jmeter.threads.ListenerNotifier.notifyListeners(ListenerNotifier.java:84)
	at org.apache.jmeter.threads.JMeterThread.notifyListeners(JMeterThread.java:796)
	at org.apache.jmeter.threads.JMeterThread.process_sampler(JMeterThread.java:456)
	at org.apache.jmeter.threads.JMeterThread.run(JMeterThread.java:261)
	at java.lang.Thread.run(Thread.java:745)

2016/06/08 16:33:53 INFO  - jmeter.threads.JMeterThread: Thread finished: Thread Group 1-20 
2016/06/08 16:33:53 INFO  - jmeter.threads.JMeterThread: Thread finished: Thread Group 1-33 
2016/06/08 16:33:53 INFO  - jmeter.threads.JMeterThread: Stopping: Thread Group 1-3 
2016/06/08 16:33:53 WARN  - jmeter.threads.JMeterThread: Interrupting: Thread Group 1-3 sampler: transactions 
2016/06/08 16:33:53 WARN  - jmeter.util.JMeterUtils: Interrupted in thread Thread Group 1-30 java.lang.InterruptedException
	at java.lang.Object.wait(Native Method)
	at java.lang.Object.wait(Object.java:502)
	at java.awt.EventQueue.invokeAndWait(EventQueue.java:1315)
	at java.awt.EventQueue.invokeAndWait(EventQueue.java:1296)
	at javax.swing.SwingUtilities.invokeAndWait(SwingUtilities.java:1348)
	at org.apache.jmeter.util.JMeterUtils.runSafe(JMeterUtils.java:1322)
	at org.apache.jmeter.visualizers.RespTimeGraphVisualizer.add(RespTimeGraphVisualizer.java:301)
	at org.apache.jmeter.reporters.ResultCollector.sendToVisualizer(ResultCollector.java:595)
	at org.apache.jmeter.reporters.ResultCollector.sampleOccurred(ResultCollector.java:571)
	at org.apache.jmeter.threads.ListenerNotifier.notifyListeners(ListenerNotifier.java:84)
	at org.apache.jmeter.threads.JMeterThread.notifyListeners(JMeterThread.java:796)
	at org.apache.jmeter.threads.JMeterThread.process_sampler(JMeterThread.java:456)
	at org.apache.jmeter.threads.JMeterThread.run(JMeterThread.java:261)
	at java.lang.Thread.run(Thread.java:745)

2016/06/08 16:33:53 INFO  - jmeter.threads.JMeterThread: Thread finished: Thread Group 1-30 
2016/06/08 16:33:53 INFO  - jmeter.threads.JMeterThread: Stopping: Thread Group 1-14 
2016/06/08 16:33:53 WARN  - jmeter.threads.JMeterThread: Interrupting: Thread Group 1-14 sampler: transactions 
2016/06/08 16:33:53 WARN  - jmeter.util.JMeterUtils: Interrupted in thread Thread Group 1-3 java.lang.InterruptedException
	at java.lang.Object.wait(Native Method)
	at java.lang.Object.wait(Object.java:502)
	at java.awt.EventQueue.invokeAndWait(EventQueue.java:1315)
	at java.awt.EventQueue.invokeAndWait(EventQueue.java:1296)
	at javax.swing.SwingUtilities.invokeAndWait(SwingUtilities.java:1348)
	at org.apache.jmeter.util.JMeterUtils.runSafe(JMeterUtils.java:1322)
	at org.apache.jmeter.visualizers.RespTimeGraphVisualizer.add(RespTimeGraphVisualizer.java:301)
	at org.apache.jmeter.reporters.ResultCollector.sendToVisualizer(ResultCollector.java:595)
	at org.apache.jmeter.reporters.ResultCollector.sampleOccurred(ResultCollector.java:571)
	at org.apache.jmeter.threads.ListenerNotifier.notifyListeners(ListenerNotifier.java:84)
	at org.apache.jmeter.threads.JMeterThread.notifyListeners(JMeterThread.java:796)
	at org.apache.jmeter.threads.JMeterThread.process_sampler(JMeterThread.java:456)
	at org.apache.jmeter.threads.JMeterThread.run(JMeterThread.java:261)
	at java.lang.Thread.run(Thread.java:745)

2016/06/08 16:33:53 INFO  - jmeter.threads.JMeterThread: Stopping: Thread Group 1-27 
2016/06/08 16:33:53 WARN  - jmeter.threads.JMeterThread: Interrupting: Thread Group 1-27 sampler: transactions 
2016/06/08 16:33:53 INFO  - jmeter.threads.JMeterThread: Thread finished: Thread Group 1-3 
2016/06/08 16:33:53 WARN  - jmeter.util.JMeterUtils: Interrupted in thread Thread Group 1-14 java.lang.InterruptedException
	at java.lang.Object.wait(Native Method)
	at java.lang.Object.wait(Object.java:502)
	at java.awt.EventQueue.invokeAndWait(EventQueue.java:1315)
	at java.awt.EventQueue.invokeAndWait(EventQueue.java:1296)
	at javax.swing.SwingUtilities.invokeAndWait(SwingUtilities.java:1348)
	at org.apache.jmeter.util.JMeterUtils.runSafe(JMeterUtils.java:1322)
	at org.apache.jmeter.visualizers.RespTimeGraphVisualizer.add(RespTimeGraphVisualizer.java:301)
	at org.apache.jmeter.reporters.ResultCollector.sendToVisualizer(ResultCollector.java:595)
	at org.apache.jmeter.reporters.ResultCollector.sampleOccurred(ResultCollector.java:571)
	at org.apache.jmeter.threads.ListenerNotifier.notifyListeners(ListenerNotifier.java:84)
	at org.apache.jmeter.threads.JMeterThread.notifyListeners(JMeterThread.java:796)
	at org.apache.jmeter.threads.JMeterThread.process_sampler(JMeterThread.java:456)
	at org.apache.jmeter.threads.JMeterThread.run(JMeterThread.java:261)
	at java.lang.Thread.run(Thread.java:745)

2016/06/08 16:33:53 INFO  - jmeter.threads.JMeterThread: Stopping: Thread Group 1-1 
2016/06/08 16:33:53 WARN  - jmeter.threads.JMeterThread: Interrupting: Thread Group 1-1 sampler: transactions 
2016/06/08 16:33:53 INFO  - jmeter.threads.JMeterThread: Thread finished: Thread Group 1-14 
2016/06/08 16:33:53 WARN  - jmeter.util.JMeterUtils: Interrupted in thread Thread Group 1-27 java.lang.InterruptedException
	at java.lang.Object.wait(Native Method)
	at java.lang.Object.wait(Object.java:502)
	at java.awt.EventQueue.invokeAndWait(EventQueue.java:1315)
	at java.awt.EventQueue.invokeAndWait(EventQueue.java:1296)
	at javax.swing.SwingUtilities.invokeAndWait(SwingUtilities.java:1348)
	at org.apache.jmeter.util.JMeterUtils.runSafe(JMeterUtils.java:1322)
	at org.apache.jmeter.visualizers.RespTimeGraphVisualizer.add(RespTimeGraphVisualizer.java:301)
	at org.apache.jmeter.reporters.ResultCollector.sendToVisualizer(ResultCollector.java:595)
	at org.apache.jmeter.reporters.ResultCollector.sampleOccurred(ResultCollector.java:571)
	at org.apache.jmeter.threads.ListenerNotifier.notifyListeners(ListenerNotifier.java:84)
	at org.apache.jmeter.threads.JMeterThread.notifyListeners(JMeterThread.java:796)
	at org.apache.jmeter.threads.JMeterThread.process_sampler(JMeterThread.java:456)
	at org.apache.jmeter.threads.JMeterThread.run(JMeterThread.java:261)
	at java.lang.Thread.run(Thread.java:745)

2016/06/08 16:33:53 INFO  - jmeter.threads.JMeterThread: Thread finished: Thread Group 1-27 
2016/06/08 16:33:53 INFO  - jmeter.threads.JMeterThread: Stopping: Thread Group 1-39 
2016/06/08 16:33:53 WARN  - jmeter.threads.JMeterThread: Interrupting: Thread Group 1-39 sampler: transactions 
2016/06/08 16:33:53 WARN  - jmeter.util.JMeterUtils: Interrupted in thread Thread Group 1-1 java.lang.InterruptedException
	at java.lang.Object.wait(Native Method)
	at java.lang.Object.wait(Object.java:502)
	at java.awt.EventQueue.invokeAndWait(EventQueue.java:1315)
	at java.awt.EventQueue.invokeAndWait(EventQueue.java:1296)
	at javax.swing.SwingUtilities.invokeAndWait(SwingUtilities.java:1348)
	at org.apache.jmeter.util.JMeterUtils.runSafe(JMeterUtils.java:1322)
	at org.apache.jmeter.visualizers.RespTimeGraphVisualizer.add(RespTimeGraphVisualizer.java:301)
	at org.apache.jmeter.reporters.ResultCollector.sendToVisualizer(ResultCollector.java:595)
	at org.apache.jmeter.reporters.ResultCollector.sampleOccurred(ResultCollector.java:571)
	at org.apache.jmeter.threads.ListenerNotifier.notifyListeners(ListenerNotifier.java:84)
	at org.apache.jmeter.threads.JMeterThread.notifyListeners(JMeterThread.java:796)
	at org.apache.jmeter.threads.JMeterThread.process_sampler(JMeterThread.java:456)
	at org.apache.jmeter.threads.JMeterThread.run(JMeterThread.java:261)
	at java.lang.Thread.run(Thread.java:745)

2016/06/08 16:33:53 INFO  - jmeter.threads.JMeterThread: Thread finished: Thread Group 1-1 
2016/06/08 16:33:53 INFO  - jmeter.threads.JMeterThread: Stopping: Thread Group 1-34 
2016/06/08 16:33:53 WARN  - jmeter.threads.JMeterThread: Interrupting: Thread Group 1-34 sampler: transactions 
2016/06/08 16:33:53 WARN  - jmeter.util.JMeterUtils: Interrupted in thread Thread Group 1-39 java.lang.InterruptedException
	at java.lang.Object.wait(Native Method)
	at java.lang.Object.wait(Object.java:502)
	at java.awt.EventQueue.invokeAndWait(EventQueue.java:1315)
	at java.awt.EventQueue.invokeAndWait(EventQueue.java:1296)
	at javax.swing.SwingUtilities.invokeAndWait(SwingUtilities.java:1348)
	at org.apache.jmeter.util.JMeterUtils.runSafe(JMeterUtils.java:1322)
	at org.apache.jmeter.visualizers.RespTimeGraphVisualizer.add(RespTimeGraphVisualizer.java:301)
	at org.apache.jmeter.reporters.ResultCollector.sendToVisualizer(ResultCollector.java:595)
	at org.apache.jmeter.reporters.ResultCollector.sampleOccurred(ResultCollector.java:571)
	at org.apache.jmeter.threads.ListenerNotifier.notifyListeners(ListenerNotifier.java:84)
	at org.apache.jmeter.threads.JMeterThread.notifyListeners(JMeterThread.java:796)
	at org.apache.jmeter.threads.JMeterThread.process_sampler(JMeterThread.java:456)
	at org.apache.jmeter.threads.JMeterThread.run(JMeterThread.java:261)
	at java.lang.Thread.run(Thread.java:745)

2016/06/08 16:33:53 INFO  - jmeter.threads.JMeterThread: Thread finished: Thread Group 1-39 
2016/06/08 16:33:53 INFO  - jmeter.threads.JMeterThread: Stopping: Thread Group 1-10 
2016/06/08 16:33:53 WARN  - jmeter.threads.JMeterThread: Interrupting: Thread Group 1-10 sampler: transactions 
2016/06/08 16:33:53 WARN  - jmeter.util.JMeterUtils: Interrupted in thread Thread Group 1-34 java.lang.InterruptedException
	at java.lang.Object.wait(Native Method)
	at java.lang.Object.wait(Object.java:502)
	at java.awt.EventQueue.invokeAndWait(EventQueue.java:1315)
	at java.awt.EventQueue.invokeAndWait(EventQueue.java:1296)
	at javax.swing.SwingUtilities.invokeAndWait(SwingUtilities.java:1348)
	at org.apache.jmeter.util.JMeterUtils.runSafe(JMeterUtils.java:1322)
	at org.apache.jmeter.visualizers.RespTimeGraphVisualizer.add(RespTimeGraphVisualizer.java:301)
	at org.apache.jmeter.reporters.ResultCollector.sendToVisualizer(ResultCollector.java:595)
	at org.apache.jmeter.reporters.ResultCollector.sampleOccurred(ResultCollector.java:571)
	at org.apache.jmeter.threads.ListenerNotifier.notifyListeners(ListenerNotifier.java:84)
	at org.apache.jmeter.threads.JMeterThread.notifyListeners(JMeterThread.java:796)
	at org.apache.jmeter.threads.JMeterThread.process_sampler(JMeterThread.java:456)
	at org.apache.jmeter.threads.JMeterThread.run(JMeterThread.java:261)
	at java.lang.Thread.run(Thread.java:745)

2016/06/08 16:33:53 INFO  - jmeter.threads.JMeterThread: Thread finished: Thread Group 1-34 
2016/06/08 16:33:53 INFO  - jmeter.threads.JMeterThread: Stopping: Thread Group 1-28 
2016/06/08 16:33:53 WARN  - jmeter.threads.JMeterThread: Interrupting: Thread Group 1-28 sampler: transactions 
2016/06/08 16:33:53 WARN  - jmeter.util.JMeterUtils: Interrupted in thread Thread Group 1-10 java.lang.InterruptedException
	at java.lang.Object.wait(Native Method)
	at java.lang.Object.wait(Object.java:502)
	at java.awt.EventQueue.invokeAndWait(EventQueue.java:1315)
	at java.awt.EventQueue.invokeAndWait(EventQueue.java:1296)
	at javax.swing.SwingUtilities.invokeAndWait(SwingUtilities.java:1348)
	at org.apache.jmeter.util.JMeterUtils.runSafe(JMeterUtils.java:1322)
	at org.apache.jmeter.visualizers.RespTimeGraphVisualizer.add(RespTimeGraphVisualizer.java:301)
	at org.apache.jmeter.reporters.ResultCollector.sendToVisualizer(ResultCollector.java:595)
	at org.apache.jmeter.reporters.ResultCollector.sampleOccurred(ResultCollector.java:571)
	at org.apache.jmeter.threads.ListenerNotifier.notifyListeners(ListenerNotifier.java:84)
	at org.apache.jmeter.threads.JMeterThread.notifyListeners(JMeterThread.java:796)
	at org.apache.jmeter.threads.JMeterThread.process_sampler(JMeterThread.java:456)
	at org.apache.jmeter.threads.JMeterThread.run(JMeterThread.java:261)
	at java.lang.Thread.run(Thread.java:745)

2016/06/08 16:33:53 INFO  - jmeter.threads.JMeterThread: Thread finished: Thread Group 1-10 
2016/06/08 16:33:53 INFO  - jmeter.threads.JMeterThread: Stopping: Thread Group 1-6 
2016/06/08 16:33:53 WARN  - jmeter.threads.JMeterThread: Interrupting: Thread Group 1-6 sampler: transactions 
2016/06/08 16:33:53 WARN  - jmeter.util.JMeterUtils: Interrupted in thread Thread Group 1-28 java.lang.InterruptedException
	at java.lang.Object.wait(Native Method)
	at java.lang.Object.wait(Object.java:502)
	at java.awt.EventQueue.invokeAndWait(EventQueue.java:1315)
	at java.awt.EventQueue.invokeAndWait(EventQueue.java:1296)
	at javax.swing.SwingUtilities.invokeAndWait(SwingUtilities.java:1348)
	at org.apache.jmeter.util.JMeterUtils.runSafe(JMeterUtils.java:1322)
	at org.apache.jmeter.visualizers.RespTimeGraphVisualizer.add(RespTimeGraphVisualizer.java:301)
	at org.apache.jmeter.reporters.ResultCollector.sendToVisualizer(ResultCollector.java:595)
	at org.apache.jmeter.reporters.ResultCollector.sampleOccurred(ResultCollector.java:571)
	at org.apache.jmeter.threads.ListenerNotifier.notifyListeners(ListenerNotifier.java:84)
	at org.apache.jmeter.threads.JMeterThread.notifyListeners(JMeterThread.java:796)
	at org.apache.jmeter.threads.JMeterThread.process_sampler(JMeterThread.java:456)
	at org.apache.jmeter.threads.JMeterThread.run(JMeterThread.java:261)
	at java.lang.Thread.run(Thread.java:745)

2016/06/08 16:33:53 INFO  - jmeter.threads.JMeterThread: Thread finished: Thread Group 1-28 
2016/06/08 16:33:53 INFO  - jmeter.threads.JMeterThread: Stopping: Thread Group 1-24 
2016/06/08 16:33:53 WARN  - jmeter.threads.JMeterThread: Interrupting: Thread Group 1-24 sampler: auth-profile 
2016/06/08 16:33:53 WARN  - jmeter.util.JMeterUtils: Interrupted in thread Thread Group 1-6 java.lang.InterruptedException
	at java.lang.Object.wait(Native Method)
	at java.lang.Object.wait(Object.java:502)
	at java.awt.EventQueue.invokeAndWait(EventQueue.java:1315)
	at java.awt.EventQueue.invokeAndWait(EventQueue.java:1296)
	at javax.swing.SwingUtilities.invokeAndWait(SwingUtilities.java:1348)
	at org.apache.jmeter.util.JMeterUtils.runSafe(JMeterUtils.java:1322)
	at org.apache.jmeter.visualizers.RespTimeGraphVisualizer.add(RespTimeGraphVisualizer.java:301)
	at org.apache.jmeter.reporters.ResultCollector.sendToVisualizer(ResultCollector.java:595)
	at org.apache.jmeter.reporters.ResultCollector.sampleOccurred(ResultCollector.java:571)
	at org.apache.jmeter.threads.ListenerNotifier.notifyListeners(ListenerNotifier.java:84)
	at org.apache.jmeter.threads.JMeterThread.notifyListeners(JMeterThread.java:796)
	at org.apache.jmeter.threads.JMeterThread.process_sampler(JMeterThread.java:456)
	at org.apache.jmeter.threads.JMeterThread.run(JMeterThread.java:261)
	at java.lang.Thread.run(Thread.java:745)

2016/06/08 16:33:53 INFO  - jmeter.threads.JMeterThread: Stopping: Thread Group 1-17 
2016/06/08 16:33:53 INFO  - jmeter.threads.JMeterThread: Thread finished: Thread Group 1-6 
2016/06/08 16:33:53 WARN  - jmeter.threads.JMeterThread: Interrupting: Thread Group 1-17 sampler: transactions 
2016/06/08 16:33:53 WARN  - jmeter.util.JMeterUtils: Interrupted in thread Thread Group 1-24 java.lang.InterruptedException
	at java.lang.Object.wait(Native Method)
	at java.lang.Object.wait(Object.java:502)
	at java.awt.EventQueue.invokeAndWait(EventQueue.java:1315)
	at java.awt.EventQueue.invokeAndWait(EventQueue.java:1296)
	at javax.swing.SwingUtilities.invokeAndWait(SwingUtilities.java:1348)
	at org.apache.jmeter.util.JMeterUtils.runSafe(JMeterUtils.java:1322)
	at org.apache.jmeter.visualizers.RespTimeGraphVisualizer.add(RespTimeGraphVisualizer.java:301)
	at org.apache.jmeter.reporters.ResultCollector.sendToVisualizer(ResultCollector.java:595)
	at org.apache.jmeter.reporters.ResultCollector.sampleOccurred(ResultCollector.java:571)
	at org.apache.jmeter.threads.ListenerNotifier.notifyListeners(ListenerNotifier.java:84)
	at org.apache.jmeter.threads.JMeterThread.notifyListeners(JMeterThread.java:796)
	at org.apache.jmeter.threads.JMeterThread.process_sampler(JMeterThread.java:456)
	at org.apache.jmeter.threads.JMeterThread.run(JMeterThread.java:261)
	at java.lang.Thread.run(Thread.java:745)

2016/06/08 16:33:53 INFO  - jmeter.threads.JMeterThread: Stopping: Thread Group 1-21 
2016/06/08 16:33:53 INFO  - jmeter.threads.JMeterThread: Thread finished: Thread Group 1-24 
2016/06/08 16:33:53 WARN  - jmeter.threads.JMeterThread: Interrupting: Thread Group 1-21 sampler: transactions 
2016/06/08 16:33:53 WARN  - jmeter.util.JMeterUtils: Interrupted in thread Thread Group 1-17 java.lang.InterruptedException
	at java.lang.Object.wait(Native Method)
	at java.lang.Object.wait(Object.java:502)
	at java.awt.EventQueue.invokeAndWait(EventQueue.java:1315)
	at java.awt.EventQueue.invokeAndWait(EventQueue.java:1296)
	at javax.swing.SwingUtilities.invokeAndWait(SwingUtilities.java:1348)
	at org.apache.jmeter.util.JMeterUtils.runSafe(JMeterUtils.java:1322)
	at org.apache.jmeter.visualizers.RespTimeGraphVisualizer.add(RespTimeGraphVisualizer.java:301)
	at org.apache.jmeter.reporters.ResultCollector.sendToVisualizer(ResultCollector.java:595)
	at org.apache.jmeter.reporters.ResultCollector.sampleOccurred(ResultCollector.java:571)
	at org.apache.jmeter.threads.ListenerNotifier.notifyListeners(ListenerNotifier.java:84)
	at org.apache.jmeter.threads.JMeterThread.notifyListeners(JMeterThread.java:796)
	at org.apache.jmeter.threads.JMeterThread.process_sampler(JMeterThread.java:456)
	at org.apache.jmeter.threads.JMeterThread.run(JMeterThread.java:261)
	at java.lang.Thread.run(Thread.java:745)

2016/06/08 16:33:53 INFO  - jmeter.threads.JMeterThread: Thread finished: Thread Group 1-17 
2016/06/08 16:33:53 INFO  - jmeter.threads.JMeterThread: Stopping: Thread Group 1-23 
2016/06/08 16:33:53 WARN  - jmeter.threads.JMeterThread: Interrupting: Thread Group 1-23 sampler: transactions 
2016/06/08 16:33:53 INFO  - jmeter.threads.JMeterThread: Stopping: Thread Group 1-4 
2016/06/08 16:33:53 WARN  - jmeter.threads.JMeterThread: Interrupting: Thread Group 1-4 sampler: transactions 
2016/06/08 16:33:53 WARN  - jmeter.util.JMeterUtils: Interrupted in thread Thread Group 1-21 java.lang.InterruptedException
	at java.lang.Object.wait(Native Method)
	at java.lang.Object.wait(Object.java:502)
	at java.awt.EventQueue.invokeAndWait(EventQueue.java:1315)
	at java.awt.EventQueue.invokeAndWait(EventQueue.java:1296)
	at javax.swing.SwingUtilities.invokeAndWait(SwingUtilities.java:1348)
	at org.apache.jmeter.util.JMeterUtils.runSafe(JMeterUtils.java:1322)
	at org.apache.jmeter.visualizers.RespTimeGraphVisualizer.add(RespTimeGraphVisualizer.java:301)
	at org.apache.jmeter.reporters.ResultCollector.sendToVisualizer(ResultCollector.java:595)
	at org.apache.jmeter.reporters.ResultCollector.sampleOccurred(ResultCollector.java:571)
	at org.apache.jmeter.threads.ListenerNotifier.notifyListeners(ListenerNotifier.java:84)
	at org.apache.jmeter.threads.JMeterThread.notifyListeners(JMeterThread.java:796)
	at org.apache.jmeter.threads.JMeterThread.process_sampler(JMeterThread.java:456)
	at org.apache.jmeter.threads.JMeterThread.run(JMeterThread.java:261)
	at java.lang.Thread.run(Thread.java:745)

2016/06/08 16:33:53 INFO  - jmeter.threads.JMeterThread: Thread finished: Thread Group 1-21 
2016/06/08 16:33:53 WARN  - jmeter.util.JMeterUtils: Interrupted in thread Thread Group 1-23 java.lang.InterruptedException
	at java.lang.Object.wait(Native Method)
	at java.lang.Object.wait(Object.java:502)
	at java.awt.EventQueue.invokeAndWait(EventQueue.java:1315)
	at java.awt.EventQueue.invokeAndWait(EventQueue.java:1296)
	at javax.swing.SwingUtilities.invokeAndWait(SwingUtilities.java:1348)
	at org.apache.jmeter.util.JMeterUtils.runSafe(JMeterUtils.java:1322)
	at org.apache.jmeter.visualizers.RespTimeGraphVisualizer.add(RespTimeGraphVisualizer.java:301)
	at org.apache.jmeter.reporters.ResultCollector.sendToVisualizer(ResultCollector.java:595)
	at org.apache.jmeter.reporters.ResultCollector.sampleOccurred(ResultCollector.java:571)
	at org.apache.jmeter.threads.ListenerNotifier.notifyListeners(ListenerNotifier.java:84)
	at org.apache.jmeter.threads.JMeterThread.notifyListeners(JMeterThread.java:796)
	at org.apache.jmeter.threads.JMeterThread.process_sampler(JMeterThread.java:456)
	at org.apache.jmeter.threads.JMeterThread.run(JMeterThread.java:261)
	at java.lang.Thread.run(Thread.java:745)

2016/06/08 16:33:53 INFO  - jmeter.threads.JMeterThread: Stopping: Thread Group 1-37 
2016/06/08 16:33:53 WARN  - jmeter.threads.JMeterThread: Interrupting: Thread Group 1-37 sampler: transactions 
2016/06/08 16:33:53 INFO  - jmeter.threads.JMeterThread: Thread finished: Thread Group 1-23 
2016/06/08 16:33:53 INFO  - jmeter.threads.JMeterThread: Stopping: Thread Group 1-15 
2016/06/08 16:33:53 WARN  - jmeter.threads.JMeterThread: Interrupting: Thread Group 1-15 sampler: transactions 
2016/06/08 16:33:53 WARN  - jmeter.util.JMeterUtils: Interrupted in thread Thread Group 1-4 java.lang.InterruptedException
	at java.lang.Object.wait(Native Method)
	at java.lang.Object.wait(Object.java:502)
	at java.awt.EventQueue.invokeAndWait(EventQueue.java:1315)
	at java.awt.EventQueue.invokeAndWait(EventQueue.java:1296)
	at javax.swing.SwingUtilities.invokeAndWait(SwingUtilities.java:1348)
	at org.apache.jmeter.util.JMeterUtils.runSafe(JMeterUtils.java:1322)
	at org.apache.jmeter.visualizers.RespTimeGraphVisualizer.add(RespTimeGraphVisualizer.java:301)
	at org.apache.jmeter.reporters.ResultCollector.sendToVisualizer(ResultCollector.java:595)
	at org.apache.jmeter.reporters.ResultCollector.sampleOccurred(ResultCollector.java:571)
	at org.apache.jmeter.threads.ListenerNotifier.notifyListeners(ListenerNotifier.java:84)
	at org.apache.jmeter.threads.JMeterThread.notifyListeners(JMeterThread.java:796)
	at org.apache.jmeter.threads.JMeterThread.process_sampler(JMeterThread.java:456)
	at org.apache.jmeter.threads.JMeterThread.run(JMeterThread.java:261)
	at java.lang.Thread.run(Thread.java:745)

2016/06/08 16:33:53 INFO  - jmeter.threads.JMeterThread: Thread finished: Thread Group 1-4 
2016/06/08 16:33:53 WARN  - jmeter.util.JMeterUtils: Interrupted in thread Thread Group 1-37 java.lang.InterruptedException
	at java.lang.Object.wait(Native Method)
	at java.lang.Object.wait(Object.java:502)
	at java.awt.EventQueue.invokeAndWait(EventQueue.java:1315)
	at java.awt.EventQueue.invokeAndWait(EventQueue.java:1296)
	at javax.swing.SwingUtilities.invokeAndWait(SwingUtilities.java:1348)
	at org.apache.jmeter.util.JMeterUtils.runSafe(JMeterUtils.java:1322)
	at org.apache.jmeter.visualizers.RespTimeGraphVisualizer.add(RespTimeGraphVisualizer.java:301)
	at org.apache.jmeter.reporters.ResultCollector.sendToVisualizer(ResultCollector.java:595)
	at org.apache.jmeter.reporters.ResultCollector.sampleOccurred(ResultCollector.java:571)
	at org.apache.jmeter.threads.ListenerNotifier.notifyListeners(ListenerNotifier.java:84)
	at org.apache.jmeter.threads.JMeterThread.notifyListeners(JMeterThread.java:796)
	at org.apache.jmeter.threads.JMeterThread.process_sampler(JMeterThread.java:456)
	at org.apache.jmeter.threads.JMeterThread.run(JMeterThread.java:261)
	at java.lang.Thread.run(Thread.java:745)

2016/06/08 16:33:53 INFO  - jmeter.threads.JMeterThread: Thread finished: Thread Group 1-37 
2016/06/08 16:33:53 INFO  - jmeter.threads.JMeterThread: Stopping: Thread Group 1-26 
2016/06/08 16:33:53 WARN  - jmeter.threads.JMeterThread: Interrupting: Thread Group 1-26 sampler: transactions 
2016/06/08 16:33:53 WARN  - jmeter.util.JMeterUtils: Interrupted in thread Thread Group 1-15 java.lang.InterruptedException
	at java.lang.Object.wait(Native Method)
	at java.lang.Object.wait(Object.java:502)
	at java.awt.EventQueue.invokeAndWait(EventQueue.java:1315)
	at java.awt.EventQueue.invokeAndWait(EventQueue.java:1296)
	at javax.swing.SwingUtilities.invokeAndWait(SwingUtilities.java:1348)
	at org.apache.jmeter.util.JMeterUtils.runSafe(JMeterUtils.java:1322)
	at org.apache.jmeter.visualizers.RespTimeGraphVisualizer.add(RespTimeGraphVisualizer.java:301)
	at org.apache.jmeter.reporters.ResultCollector.sendToVisualizer(ResultCollector.java:595)
	at org.apache.jmeter.reporters.ResultCollector.sampleOccurred(ResultCollector.java:571)
	at org.apache.jmeter.threads.ListenerNotifier.notifyListeners(ListenerNotifier.java:84)
	at org.apache.jmeter.threads.JMeterThread.notifyListeners(JMeterThread.java:796)
	at org.apache.jmeter.threads.JMeterThread.process_sampler(JMeterThread.java:456)
	at org.apache.jmeter.threads.JMeterThread.run(JMeterThread.java:261)
	at java.lang.Thread.run(Thread.java:745)

2016/06/08 16:33:53 INFO  - jmeter.threads.JMeterThread: Stopping: Thread Group 1-19 
2016/06/08 16:33:53 WARN  - jmeter.threads.JMeterThread: Interrupting: Thread Group 1-19 sampler: transactions 
2016/06/08 16:33:53 INFO  - jmeter.threads.JMeterThread: Thread finished: Thread Group 1-15 
2016/06/08 16:33:53 WARN  - jmeter.util.JMeterUtils: Interrupted in thread Thread Group 1-26 java.lang.InterruptedException
	at java.lang.Object.wait(Native Method)
	at java.lang.Object.wait(Object.java:502)
	at java.awt.EventQueue.invokeAndWait(EventQueue.java:1315)
	at java.awt.EventQueue.invokeAndWait(EventQueue.java:1296)
	at javax.swing.SwingUtilities.invokeAndWait(SwingUtilities.java:1348)
	at org.apache.jmeter.util.JMeterUtils.runSafe(JMeterUtils.java:1322)
	at org.apache.jmeter.visualizers.RespTimeGraphVisualizer.add(RespTimeGraphVisualizer.java:301)
	at org.apache.jmeter.reporters.ResultCollector.sendToVisualizer(ResultCollector.java:595)
	at org.apache.jmeter.reporters.ResultCollector.sampleOccurred(ResultCollector.java:571)
	at org.apache.jmeter.threads.ListenerNotifier.notifyListeners(ListenerNotifier.java:84)
	at org.apache.jmeter.threads.JMeterThread.notifyListeners(JMeterThread.java:796)
	at org.apache.jmeter.threads.JMeterThread.process_sampler(JMeterThread.java:456)
	at org.apache.jmeter.threads.JMeterThread.run(JMeterThread.java:261)
	at java.lang.Thread.run(Thread.java:745)

2016/06/08 16:33:53 INFO  - jmeter.threads.JMeterThread: Stopping: Thread Group 1-40 
2016/06/08 16:33:53 WARN  - jmeter.threads.JMeterThread: Interrupting: Thread Group 1-40 sampler: transactions 
2016/06/08 16:33:53 INFO  - jmeter.threads.JMeterThread: Thread finished: Thread Group 1-26 
2016/06/08 16:33:53 WARN  - jmeter.util.JMeterUtils: Interrupted in thread Thread Group 1-19 java.lang.InterruptedException
	at java.lang.Object.wait(Native Method)
	at java.lang.Object.wait(Object.java:502)
	at java.awt.EventQueue.invokeAndWait(EventQueue.java:1315)
	at java.awt.EventQueue.invokeAndWait(EventQueue.java:1296)
	at javax.swing.SwingUtilities.invokeAndWait(SwingUtilities.java:1348)
	at org.apache.jmeter.util.JMeterUtils.runSafe(JMeterUtils.java:1322)
	at org.apache.jmeter.visualizers.RespTimeGraphVisualizer.add(RespTimeGraphVisualizer.java:301)
	at org.apache.jmeter.reporters.ResultCollector.sendToVisualizer(ResultCollector.java:595)
	at org.apache.jmeter.reporters.ResultCollector.sampleOccurred(ResultCollector.java:571)
	at org.apache.jmeter.threads.ListenerNotifier.notifyListeners(ListenerNotifier.java:84)
	at org.apache.jmeter.threads.JMeterThread.notifyListeners(JMeterThread.java:796)
	at org.apache.jmeter.threads.JMeterThread.process_sampler(JMeterThread.java:456)
	at org.apache.jmeter.threads.JMeterThread.run(JMeterThread.java:261)
	at java.lang.Thread.run(Thread.java:745)

2016/06/08 16:33:53 INFO  - jmeter.threads.JMeterThread: Thread finished: Thread Group 1-19 
2016/06/08 16:33:53 INFO  - jmeter.threads.JMeterThread: Stopping: Thread Group 1-5 
2016/06/08 16:33:53 WARN  - jmeter.threads.JMeterThread: Interrupting: Thread Group 1-5 sampler: transactions 
2016/06/08 16:33:53 WARN  - jmeter.util.JMeterUtils: Interrupted in thread Thread Group 1-40 java.lang.InterruptedException
	at java.lang.Object.wait(Native Method)
	at java.lang.Object.wait(Object.java:502)
	at java.awt.EventQueue.invokeAndWait(EventQueue.java:1315)
	at java.awt.EventQueue.invokeAndWait(EventQueue.java:1296)
	at javax.swing.SwingUtilities.invokeAndWait(SwingUtilities.java:1348)
	at org.apache.jmeter.util.JMeterUtils.runSafe(JMeterUtils.java:1322)
	at org.apache.jmeter.visualizers.RespTimeGraphVisualizer.add(RespTimeGraphVisualizer.java:301)
	at org.apache.jmeter.reporters.ResultCollector.sendToVisualizer(ResultCollector.java:595)
	at org.apache.jmeter.reporters.ResultCollector.sampleOccurred(ResultCollector.java:571)
	at org.apache.jmeter.threads.ListenerNotifier.notifyListeners(ListenerNotifier.java:84)
	at org.apache.jmeter.threads.JMeterThread.notifyListeners(JMeterThread.java:796)
	at org.apache.jmeter.threads.JMeterThread.process_sampler(JMeterThread.java:456)
	at org.apache.jmeter.threads.JMeterThread.run(JMeterThread.java:261)
	at java.lang.Thread.run(Thread.java:745)

2016/06/08 16:33:53 INFO  - jmeter.threads.JMeterThread: Thread finished: Thread Group 1-40 
2016/06/08 16:33:53 WARN  - jmeter.util.JMeterUtils: Interrupted in thread Thread Group 1-5 java.lang.InterruptedException
	at java.lang.Object.wait(Native Method)
	at java.lang.Object.wait(Object.java:502)
	at java.awt.EventQueue.invokeAndWait(EventQueue.java:1315)
	at java.awt.EventQueue.invokeAndWait(EventQueue.java:1296)
	at javax.swing.SwingUtilities.invokeAndWait(SwingUtilities.java:1348)
	at org.apache.jmeter.util.JMeterUtils.runSafe(JMeterUtils.java:1322)
	at org.apache.jmeter.visualizers.RespTimeGraphVisualizer.add(RespTimeGraphVisualizer.java:301)
	at org.apache.jmeter.reporters.ResultCollector.sendToVisualizer(ResultCollector.java:595)
	at org.apache.jmeter.reporters.ResultCollector.sampleOccurred(ResultCollector.java:571)
	at org.apache.jmeter.threads.ListenerNotifier.notifyListeners(ListenerNotifier.java:84)
	at org.apache.jmeter.threads.JMeterThread.notifyListeners(JMeterThread.java:796)
	at org.apache.jmeter.threads.JMeterThread.process_sampler(JMeterThread.java:456)
	at org.apache.jmeter.threads.JMeterThread.run(JMeterThread.java:261)
	at java.lang.Thread.run(Thread.java:745)

2016/06/08 16:33:53 INFO  - jmeter.threads.JMeterThread: Stopping: Thread Group 1-12 
2016/06/08 16:33:53 INFO  - jmeter.threads.JMeterThread: Thread finished: Thread Group 1-5 
2016/06/08 16:33:53 WARN  - jmeter.threads.JMeterThread: Interrupting: Thread Group 1-12 sampler: transactions 
2016/06/08 16:33:53 INFO  - jmeter.threads.JMeterThread: Stopping: Thread Group 1-32 
2016/06/08 16:33:53 WARN  - jmeter.threads.JMeterThread: Interrupting: Thread Group 1-32 sampler: transactions 
2016/06/08 16:33:53 WARN  - jmeter.util.JMeterUtils: Interrupted in thread Thread Group 1-12 java.lang.InterruptedException
	at java.lang.Object.wait(Native Method)
	at java.lang.Object.wait(Object.java:502)
	at java.awt.EventQueue.invokeAndWait(EventQueue.java:1315)
	at java.awt.EventQueue.invokeAndWait(EventQueue.java:1296)
	at javax.swing.SwingUtilities.invokeAndWait(SwingUtilities.java:1348)
	at org.apache.jmeter.util.JMeterUtils.runSafe(JMeterUtils.java:1322)
	at org.apache.jmeter.visualizers.RespTimeGraphVisualizer.add(RespTimeGraphVisualizer.java:301)
	at org.apache.jmeter.reporters.ResultCollector.sendToVisualizer(ResultCollector.java:595)
	at org.apache.jmeter.reporters.ResultCollector.sampleOccurred(ResultCollector.java:571)
	at org.apache.jmeter.threads.ListenerNotifier.notifyListeners(ListenerNotifier.java:84)
	at org.apache.jmeter.threads.JMeterThread.notifyListeners(JMeterThread.java:796)
	at org.apache.jmeter.threads.JMeterThread.process_sampler(JMeterThread.java:456)
	at org.apache.jmeter.threads.JMeterThread.run(JMeterThread.java:261)
	at java.lang.Thread.run(Thread.java:745)

2016/06/08 16:33:53 INFO  - jmeter.threads.JMeterThread: Thread finished: Thread Group 1-12 
2016/06/08 16:33:53 INFO  - jmeter.threads.JMeterThread: Stopping: Thread Group 1-11 
2016/06/08 16:33:53 WARN  - jmeter.threads.JMeterThread: Interrupting: Thread Group 1-11 sampler: transactions 
2016/06/08 16:33:53 INFO  - jmeter.threads.JMeterThread: Stopping: Thread Group 1-36 
2016/06/08 16:33:53 WARN  - jmeter.threads.JMeterThread: Interrupting: Thread Group 1-36 sampler: transactions 
2016/06/08 16:33:53 WARN  - jmeter.util.JMeterUtils: Interrupted in thread Thread Group 1-11 java.lang.InterruptedException
	at java.lang.Object.wait(Native Method)
	at java.lang.Object.wait(Object.java:502)
	at java.awt.EventQueue.invokeAndWait(EventQueue.java:1315)
	at java.awt.EventQueue.invokeAndWait(EventQueue.java:1296)
	at javax.swing.SwingUtilities.invokeAndWait(SwingUtilities.java:1348)
	at org.apache.jmeter.util.JMeterUtils.runSafe(JMeterUtils.java:1322)
	at org.apache.jmeter.visualizers.RespTimeGraphVisualizer.add(RespTimeGraphVisualizer.java:301)
	at org.apache.jmeter.reporters.ResultCollector.sendToVisualizer(ResultCollector.java:595)
	at org.apache.jmeter.reporters.ResultCollector.sampleOccurred(ResultCollector.java:571)
	at org.apache.jmeter.threads.ListenerNotifier.notifyListeners(ListenerNotifier.java:84)
	at org.apache.jmeter.threads.JMeterThread.notifyListeners(JMeterThread.java:796)
	at org.apache.jmeter.threads.JMeterThread.process_sampler(JMeterThread.java:456)
	at org.apache.jmeter.threads.JMeterThread.run(JMeterThread.java:261)
	at java.lang.Thread.run(Thread.java:745)

2016/06/08 16:33:53 INFO  - jmeter.threads.JMeterThread: Thread finished: Thread Group 1-11 
2016/06/08 16:33:53 INFO  - jmeter.threads.JMeterThread: Stopping: Thread Group 1-38 
2016/06/08 16:33:53 WARN  - jmeter.threads.JMeterThread: Interrupting: Thread Group 1-38 sampler: transactions 
2016/06/08 16:33:53 WARN  - jmeter.util.JMeterUtils: Interrupted in thread Thread Group 1-32 java.lang.InterruptedException
	at java.lang.Object.wait(Native Method)
	at java.lang.Object.wait(Object.java:502)
	at java.awt.EventQueue.invokeAndWait(EventQueue.java:1315)
	at java.awt.EventQueue.invokeAndWait(EventQueue.java:1296)
	at javax.swing.SwingUtilities.invokeAndWait(SwingUtilities.java:1348)
	at org.apache.jmeter.util.JMeterUtils.runSafe(JMeterUtils.java:1322)
	at org.apache.jmeter.visualizers.RespTimeGraphVisualizer.add(RespTimeGraphVisualizer.java:301)
	at org.apache.jmeter.reporters.ResultCollector.sendToVisualizer(ResultCollector.java:595)
	at org.apache.jmeter.reporters.ResultCollector.sampleOccurred(ResultCollector.java:571)
	at org.apache.jmeter.threads.ListenerNotifier.notifyListeners(ListenerNotifier.java:84)
	at org.apache.jmeter.threads.JMeterThread.notifyListeners(JMeterThread.java:796)
	at org.apache.jmeter.threads.JMeterThread.process_sampler(JMeterThread.java:456)
	at org.apache.jmeter.threads.JMeterThread.run(JMeterThread.java:261)
	at java.lang.Thread.run(Thread.java:745)

2016/06/08 16:33:53 INFO  - jmeter.threads.JMeterThread: Thread finished: Thread Group 1-32 
2016/06/08 16:33:53 WARN  - jmeter.util.JMeterUtils: Interrupted in thread Thread Group 1-36 java.lang.InterruptedException
	at java.lang.Object.wait(Native Method)
	at java.lang.Object.wait(Object.java:502)
	at java.awt.EventQueue.invokeAndWait(EventQueue.java:1315)
	at java.awt.EventQueue.invokeAndWait(EventQueue.java:1296)
	at javax.swing.SwingUtilities.invokeAndWait(SwingUtilities.java:1348)
	at org.apache.jmeter.util.JMeterUtils.runSafe(JMeterUtils.java:1322)
	at org.apache.jmeter.visualizers.RespTimeGraphVisualizer.add(RespTimeGraphVisualizer.java:301)
	at org.apache.jmeter.reporters.ResultCollector.sendToVisualizer(ResultCollector.java:595)
	at org.apache.jmeter.reporters.ResultCollector.sampleOccurred(ResultCollector.java:571)
	at org.apache.jmeter.threads.ListenerNotifier.notifyListeners(ListenerNotifier.java:84)
	at org.apache.jmeter.threads.JMeterThread.notifyListeners(JMeterThread.java:796)
	at org.apache.jmeter.threads.JMeterThread.process_sampler(JMeterThread.java:456)
	at org.apache.jmeter.threads.JMeterThread.run(JMeterThread.java:261)
	at java.lang.Thread.run(Thread.java:745)

2016/06/08 16:33:53 INFO  - jmeter.threads.JMeterThread: Thread finished: Thread Group 1-36 
2016/06/08 16:33:53 INFO  - jmeter.threads.JMeterThread: Stopping: Thread Group 1-2 
2016/06/08 16:33:53 WARN  - jmeter.threads.JMeterThread: Interrupting: Thread Group 1-2 sampler: receivers 
2016/06/08 16:33:53 INFO  - jmeter.threads.JMeterThread: Stopping: Thread Group 1-9 
2016/06/08 16:33:53 WARN  - jmeter.threads.JMeterThread: Interrupting: Thread Group 1-9 sampler: transactions 
2016/06/08 16:33:53 INFO  - jmeter.threads.JMeterThread: Stopping: Thread Group 1-31 
2016/06/08 16:33:53 WARN  - jmeter.threads.JMeterThread: Interrupting: Thread Group 1-31 sampler: transactions 
2016/06/08 16:33:53 WARN  - jmeter.util.JMeterUtils: Interrupted in thread Thread Group 1-9 java.lang.InterruptedException
	at java.lang.Object.wait(Native Method)
	at java.lang.Object.wait(Object.java:502)
	at java.awt.EventQueue.invokeAndWait(EventQueue.java:1315)
	at java.awt.EventQueue.invokeAndWait(EventQueue.java:1296)
	at javax.swing.SwingUtilities.invokeAndWait(SwingUtilities.java:1348)
	at org.apache.jmeter.util.JMeterUtils.runSafe(JMeterUtils.java:1322)
	at org.apache.jmeter.visualizers.RespTimeGraphVisualizer.add(RespTimeGraphVisualizer.java:301)
	at org.apache.jmeter.reporters.ResultCollector.sendToVisualizer(ResultCollector.java:595)
	at org.apache.jmeter.reporters.ResultCollector.sampleOccurred(ResultCollector.java:571)
	at org.apache.jmeter.threads.ListenerNotifier.notifyListeners(ListenerNotifier.java:84)
	at org.apache.jmeter.threads.JMeterThread.notifyListeners(JMeterThread.java:796)
	at org.apache.jmeter.threads.JMeterThread.process_sampler(JMeterThread.java:456)
	at org.apache.jmeter.threads.JMeterThread.run(JMeterThread.java:261)
	at java.lang.Thread.run(Thread.java:745)

2016/06/08 16:33:53 WARN  - jmeter.util.JMeterUtils: Interrupted in thread Thread Group 1-2 java.lang.InterruptedException
	at java.lang.Object.wait(Native Method)
	at java.lang.Object.wait(Object.java:502)
	at java.awt.EventQueue.invokeAndWait(EventQueue.java:1315)
	at java.awt.EventQueue.invokeAndWait(EventQueue.java:1296)
	at javax.swing.SwingUtilities.invokeAndWait(SwingUtilities.java:1348)
	at org.apache.jmeter.util.JMeterUtils.runSafe(JMeterUtils.java:1322)
	at org.apache.jmeter.visualizers.RespTimeGraphVisualizer.add(RespTimeGraphVisualizer.java:301)
	at org.apache.jmeter.reporters.ResultCollector.sendToVisualizer(ResultCollector.java:595)
	at org.apache.jmeter.reporters.ResultCollector.sampleOccurred(ResultCollector.java:571)
	at org.apache.jmeter.threads.ListenerNotifier.notifyListeners(ListenerNotifier.java:84)
	at org.apache.jmeter.threads.JMeterThread.notifyListeners(JMeterThread.java:796)
	at org.apache.jmeter.threads.JMeterThread.process_sampler(JMeterThread.java:456)
	at org.apache.jmeter.threads.JMeterThread.run(JMeterThread.java:261)
	at java.lang.Thread.run(Thread.java:745)

2016/06/08 16:33:53 INFO  - jmeter.threads.JMeterThread: Thread finished: Thread Group 1-2 
2016/06/08 16:33:53 INFO  - jmeter.threads.JMeterThread: Thread finished: Thread Group 1-9 
2016/06/08 16:33:53 WARN  - jmeter.util.JMeterUtils: Interrupted in thread Thread Group 1-38 java.lang.InterruptedException
	at java.lang.Object.wait(Native Method)
	at java.lang.Object.wait(Object.java:502)
	at java.awt.EventQueue.invokeAndWait(EventQueue.java:1315)
	at java.awt.EventQueue.invokeAndWait(EventQueue.java:1296)
	at javax.swing.SwingUtilities.invokeAndWait(SwingUtilities.java:1348)
	at org.apache.jmeter.util.JMeterUtils.runSafe(JMeterUtils.java:1322)
	at org.apache.jmeter.visualizers.RespTimeGraphVisualizer.add(RespTimeGraphVisualizer.java:301)
	at org.apache.jmeter.reporters.ResultCollector.sendToVisualizer(ResultCollector.java:595)
	at org.apache.jmeter.reporters.ResultCollector.sampleOccurred(ResultCollector.java:571)
	at org.apache.jmeter.threads.ListenerNotifier.notifyListeners(ListenerNotifier.java:84)
	at org.apache.jmeter.threads.JMeterThread.notifyListeners(JMeterThread.java:796)
	at org.apache.jmeter.threads.JMeterThread.process_sampler(JMeterThread.java:456)
	at org.apache.jmeter.threads.JMeterThread.run(JMeterThread.java:261)
	at java.lang.Thread.run(Thread.java:745)

2016/06/08 16:33:53 INFO  - jmeter.threads.JMeterThread: Stopping: Thread Group 1-13 
2016/06/08 16:33:53 WARN  - jmeter.threads.JMeterThread: Interrupting: Thread Group 1-13 sampler: auth-profile 
2016/06/08 16:33:53 INFO  - jmeter.threads.JMeterThread: Thread finished: Thread Group 1-38 
2016/06/08 16:33:53 WARN  - jmeter.util.JMeterUtils: Interrupted in thread Thread Group 1-31 java.lang.InterruptedException
	at java.lang.Object.wait(Native Method)
	at java.lang.Object.wait(Object.java:502)
	at java.awt.EventQueue.invokeAndWait(EventQueue.java:1315)
	at java.awt.EventQueue.invokeAndWait(EventQueue.java:1296)
	at javax.swing.SwingUtilities.invokeAndWait(SwingUtilities.java:1348)
	at org.apache.jmeter.util.JMeterUtils.runSafe(JMeterUtils.java:1322)
	at org.apache.jmeter.visualizers.RespTimeGraphVisualizer.add(RespTimeGraphVisualizer.java:301)
	at org.apache.jmeter.reporters.ResultCollector.sendToVisualizer(ResultCollector.java:595)
	at org.apache.jmeter.reporters.ResultCollector.sampleOccurred(ResultCollector.java:571)
	at org.apache.jmeter.threads.ListenerNotifier.notifyListeners(ListenerNotifier.java:84)
	at org.apache.jmeter.threads.JMeterThread.notifyListeners(JMeterThread.java:796)
	at org.apache.jmeter.threads.JMeterThread.process_sampler(JMeterThread.java:456)
	at org.apache.jmeter.threads.JMeterThread.run(JMeterThread.java:261)
	at java.lang.Thread.run(Thread.java:745)

2016/06/08 16:33:53 INFO  - jmeter.threads.JMeterThread: Thread finished: Thread Group 1-31 
2016/06/08 16:33:53 WARN  - jmeter.util.JMeterUtils: Interrupted in thread Thread Group 1-13 java.lang.InterruptedException
	at java.lang.Object.wait(Native Method)
	at java.lang.Object.wait(Object.java:502)
	at java.awt.EventQueue.invokeAndWait(EventQueue.java:1315)
	at java.awt.EventQueue.invokeAndWait(EventQueue.java:1296)
	at javax.swing.SwingUtilities.invokeAndWait(SwingUtilities.java:1348)
	at org.apache.jmeter.util.JMeterUtils.runSafe(JMeterUtils.java:1322)
	at org.apache.jmeter.visualizers.RespTimeGraphVisualizer.add(RespTimeGraphVisualizer.java:301)
	at org.apache.jmeter.reporters.ResultCollector.sendToVisualizer(ResultCollector.java:595)
	at org.apache.jmeter.reporters.ResultCollector.sampleOccurred(ResultCollector.java:571)
	at org.apache.jmeter.threads.ListenerNotifier.notifyListeners(ListenerNotifier.java:84)
	at org.apache.jmeter.threads.JMeterThread.notifyListeners(JMeterThread.java:796)
	at org.apache.jmeter.threads.JMeterThread.process_sampler(JMeterThread.java:456)
	at org.apache.jmeter.threads.JMeterThread.run(JMeterThread.java:261)
	at java.lang.Thread.run(Thread.java:745)

2016/06/08 16:33:53 INFO  - jmeter.threads.JMeterThread: Thread finished: Thread Group 1-13 
2016/06/08 16:33:53 INFO  - jmeter.engine.StandardJMeterEngine: Notifying test listeners of end of test 
2016/06/08 16:33:53 INFO  - jmeter.services.FileServer: Close: /Users/cristi/Downloads/audionow_payment_access_token.csv 
2016/06/08 16:33:53 INFO  - jmeter.gui.util.JMeterMenuBar: setRunning(false,*local*) 
